<?xml version="1.0" encoding="UTF-8"?>
<testng-results skipped="4" failed="0" total="4" passed="0">
  <reporter-output>
  </reporter-output>
  <suite name="Suite" duration-ms="115" started-at="2019-09-13T01:44:15Z" finished-at="2019-09-13T01:44:15Z">
    <groups>
    </groups>
    <test name="Home Page Navigation" duration-ms="78" started-at="2019-09-13T01:44:15Z" finished-at="2019-09-13T01:44:15Z">
      <class name="QAClick.HomePageTest">
        <test-method status="FAIL" signature="initialize()[pri:0, instance:QAClick.HomePageTest@f03482]" name="initialize" is-config="true" duration-ms="0" started-at="2019-09-13T07:14:15Z" finished-at="2019-09-13T07:14:15Z">
          <exception class="java.io.FileNotFoundException">
            <message>
              <![CDATA[C:\Users\Yogesh\Project\src\main\java\resources\data.properties (The system cannot find the path specified)]]>
            </message>
            <full-stacktrace>
              <![CDATA[java.io.FileNotFoundException: C:\Users\Yogesh\Project\src\main\java\resources\data.properties (The system cannot find the path specified)
	at java.io.FileInputStream.open0(Native Method)
	at java.io.FileInputStream.open(FileInputStream.java:195)
	at java.io.FileInputStream.<init>(FileInputStream.java:138)
	at java.io.FileInputStream.<init>(FileInputStream.java:93)
	at resources.Base.initializeDriver(Base.java:26)
	at QAClick.HomePageTest.initialize(HomePageTest.java:19)
	at sun.reflect.NativeMethodAccessorImpl.invoke0(Native Method)
	at sun.reflect.NativeMethodAccessorImpl.invoke(NativeMethodAccessorImpl.java:62)
	at sun.reflect.DelegatingMethodAccessorImpl.invoke(DelegatingMethodAccessorImpl.java:43)
	at java.lang.reflect.Method.invoke(Method.java:498)
	at org.testng.internal.MethodInvocationHelper.invokeMethod(MethodInvocationHelper.java:80)
	at org.testng.internal.Invoker.invokeConfigurationMethod(Invoker.java:564)
	at org.testng.internal.Invoker.invokeConfigurations(Invoker.java:213)
	at org.testng.internal.Invoker.invokeConfigurations(Invoker.java:138)
	at org.testng.TestRunner.beforeRun(TestRunner.java:641)
	at org.testng.TestRunner.run(TestRunner.java:609)
	at org.testng.SuiteRunner.runTest(SuiteRunner.java:334)
	at org.testng.SuiteRunner.runSequentially(SuiteRunner.java:329)
	at org.testng.SuiteRunner.privateRun(SuiteRunner.java:291)
	at org.testng.SuiteRunner.run(SuiteRunner.java:240)
	at org.testng.SuiteRunnerWorker.runSuite(SuiteRunnerWorker.java:52)
	at org.testng.SuiteRunnerWorker.run(SuiteRunnerWorker.java:86)
	at org.testng.TestNG.runSuitesSequentially(TestNG.java:1198)
	at org.testng.TestNG.runSuitesLocally(TestNG.java:1123)
	at org.testng.TestNG.run(TestNG.java:1031)
	at org.apache.maven.surefire.testng.TestNGExecutor.run(TestNGExecutor.java:283)
	at org.apache.maven.surefire.testng.TestNGXmlTestSuite.execute(TestNGXmlTestSuite.java:75)
	at org.apache.maven.surefire.testng.TestNGProvider.invoke(TestNGProvider.java:120)
	at org.apache.maven.surefire.booter.ForkedBooter.invokeProviderInSameClassLoader(ForkedBooter.java:386)
	at org.apache.maven.surefire.booter.ForkedBooter.runSuitesInProcess(ForkedBooter.java:323)
	at org.apache.maven.surefire.booter.ForkedBooter.main(ForkedBooter.java:143)
]]>
            </full-stacktrace>
          </exception> <!-- java.io.FileNotFoundException -->
          <reporter-output>
          </reporter-output>
        </test-method> <!-- initialize -->
        <test-method status="SKIP" signature="HomePageNavigation()[pri:0, instance:QAClick.HomePageTest@f03482]" name="HomePageNavigation" duration-ms="1" started-at="2019-09-13T07:14:15Z" finished-at="2019-09-13T07:14:15Z">
          <reporter-output>
          </reporter-output>
        </test-method> <!-- HomePageNavigation -->
        <test-method status="SKIP" signature="teardown()[pri:0, instance:QAClick.HomePageTest@f03482]" name="teardown" is-config="true" duration-ms="0" started-at="2019-09-13T07:14:15Z" finished-at="2019-09-13T07:14:15Z">
          <reporter-output>
          </reporter-output>
        </test-method> <!-- teardown -->
      </class> <!-- QAClick.HomePageTest -->
    </test> <!-- Home Page Navigation -->
    <test name="Validating Title" duration-ms="2" started-at="2019-09-13T01:44:15Z" finished-at="2019-09-13T01:44:15Z">
      <class name="QAClick.ValidateTitle">
        <test-method status="FAIL" signature="initialize()[pri:0, instance:QAClick.ValidateTitle@125bf5b]" name="initialize" is-config="true" duration-ms="0" started-at="2019-09-13T07:14:15Z" finished-at="2019-09-13T07:14:15Z">
          <exception class="java.io.FileNotFoundException">
            <message>
              <![CDATA[C:\Users\Yogesh\Project\src\main\java\resources\data.properties (The system cannot find the path specified)]]>
            </message>
            <full-stacktrace>
              <![CDATA[java.io.FileNotFoundException: C:\Users\Yogesh\Project\src\main\java\resources\data.properties (The system cannot find the path specified)
	at java.io.FileInputStream.open0(Native Method)
	at java.io.FileInputStream.open(FileInputStream.java:195)
	at java.io.FileInputStream.<init>(FileInputStream.java:138)
	at java.io.FileInputStream.<init>(FileInputStream.java:93)
	at resources.Base.initializeDriver(Base.java:26)
	at QAClick.ValidateTitle.initialize(ValidateTitle.java:20)
	at sun.reflect.NativeMethodAccessorImpl.invoke0(Native Method)
	at sun.reflect.NativeMethodAccessorImpl.invoke(NativeMethodAccessorImpl.java:62)
	at sun.reflect.DelegatingMethodAccessorImpl.invoke(DelegatingMethodAccessorImpl.java:43)
	at java.lang.reflect.Method.invoke(Method.java:498)
	at org.testng.internal.MethodInvocationHelper.invokeMethod(MethodInvocationHelper.java:80)
	at org.testng.internal.Invoker.invokeConfigurationMethod(Invoker.java:564)
	at org.testng.internal.Invoker.invokeConfigurations(Invoker.java:213)
	at org.testng.internal.Invoker.invokeConfigurations(Invoker.java:138)
	at org.testng.TestRunner.beforeRun(TestRunner.java:641)
	at org.testng.TestRunner.run(TestRunner.java:609)
	at org.testng.SuiteRunner.runTest(SuiteRunner.java:334)
	at org.testng.SuiteRunner.runSequentially(SuiteRunner.java:329)
	at org.testng.SuiteRunner.privateRun(SuiteRunner.java:291)
	at org.testng.SuiteRunner.run(SuiteRunner.java:240)
	at org.testng.SuiteRunnerWorker.runSuite(SuiteRunnerWorker.java:52)
	at org.testng.SuiteRunnerWorker.run(SuiteRunnerWorker.java:86)
	at org.testng.TestNG.runSuitesSequentially(TestNG.java:1198)
	at org.testng.TestNG.runSuitesLocally(TestNG.java:1123)
	at org.testng.TestNG.run(TestNG.java:1031)
	at org.apache.maven.surefire.testng.TestNGExecutor.run(TestNGExecutor.java:283)
	at org.apache.maven.surefire.testng.TestNGXmlTestSuite.execute(TestNGXmlTestSuite.java:75)
	at org.apache.maven.surefire.testng.TestNGProvider.invoke(TestNGProvider.java:120)
	at org.apache.maven.surefire.booter.ForkedBooter.invokeProviderInSameClassLoader(ForkedBooter.java:386)
	at org.apache.maven.surefire.booter.ForkedBooter.runSuitesInProcess(ForkedBooter.java:323)
	at org.apache.maven.surefire.booter.ForkedBooter.main(ForkedBooter.java:143)
]]>
            </full-stacktrace>
          </exception> <!-- java.io.FileNotFoundException -->
          <reporter-output>
          </reporter-output>
        </test-method> <!-- initialize -->
        <test-method status="SKIP" signature="teardown()[pri:0, instance:QAClick.ValidateTitle@125bf5b]" name="teardown" is-config="true" duration-ms="0" started-at="2019-09-13T07:14:15Z" finished-at="2019-09-13T07:14:15Z">
          <reporter-output>
          </reporter-output>
        </test-method> <!-- teardown -->
        <test-method status="SKIP" signature="HomePageNavigation()[pri:0, instance:QAClick.ValidateTitle@125bf5b]" name="HomePageNavigation" duration-ms="0" started-at="2019-09-13T07:14:15Z" finished-at="2019-09-13T07:14:15Z">
          <reporter-output>
          </reporter-output>
        </test-method> <!-- HomePageNavigation -->
      </class> <!-- QAClick.ValidateTitle -->
    </test> <!-- Validating Title -->
    <test name="Login Test" duration-ms="4" started-at="2019-09-13T01:44:15Z" finished-at="2019-09-13T01:44:15Z">
      <class name="QAClick.LoginTest">
        <test-method status="FAIL" signature="initialize()[pri:0, instance:QAClick.LoginTest@162f559]" name="initialize" is-config="true" duration-ms="0" started-at="2019-09-13T07:14:15Z" finished-at="2019-09-13T07:14:15Z">
          <exception class="java.io.FileNotFoundException">
            <message>
              <![CDATA[C:\Users\Yogesh\Project\src\main\java\resources\data.properties (The system cannot find the path specified)]]>
            </message>
            <full-stacktrace>
              <![CDATA[java.io.FileNotFoundException: C:\Users\Yogesh\Project\src\main\java\resources\data.properties (The system cannot find the path specified)
	at java.io.FileInputStream.open0(Native Method)
	at java.io.FileInputStream.open(FileInputStream.java:195)
	at java.io.FileInputStream.<init>(FileInputStream.java:138)
	at java.io.FileInputStream.<init>(FileInputStream.java:93)
	at resources.Base.initializeDriver(Base.java:26)
	at QAClick.LoginTest.initialize(LoginTest.java:19)
	at sun.reflect.NativeMethodAccessorImpl.invoke0(Native Method)
	at sun.reflect.NativeMethodAccessorImpl.invoke(NativeMethodAccessorImpl.java:62)
	at sun.reflect.DelegatingMethodAccessorImpl.invoke(DelegatingMethodAccessorImpl.java:43)
	at java.lang.reflect.Method.invoke(Method.java:498)
	at org.testng.internal.MethodInvocationHelper.invokeMethod(MethodInvocationHelper.java:80)
	at org.testng.internal.Invoker.invokeConfigurationMethod(Invoker.java:564)
	at org.testng.internal.Invoker.invokeConfigurations(Invoker.java:213)
	at org.testng.internal.Invoker.invokeConfigurations(Invoker.java:138)
	at org.testng.TestRunner.beforeRun(TestRunner.java:641)
	at org.testng.TestRunner.run(TestRunner.java:609)
	at org.testng.SuiteRunner.runTest(SuiteRunner.java:334)
	at org.testng.SuiteRunner.runSequentially(SuiteRunner.java:329)
	at org.testng.SuiteRunner.privateRun(SuiteRunner.java:291)
	at org.testng.SuiteRunner.run(SuiteRunner.java:240)
	at org.testng.SuiteRunnerWorker.runSuite(SuiteRunnerWorker.java:52)
	at org.testng.SuiteRunnerWorker.run(SuiteRunnerWorker.java:86)
	at org.testng.TestNG.runSuitesSequentially(TestNG.java:1198)
	at org.testng.TestNG.runSuitesLocally(TestNG.java:1123)
	at org.testng.TestNG.run(TestNG.java:1031)
	at org.apache.maven.surefire.testng.TestNGExecutor.run(TestNGExecutor.java:283)
	at org.apache.maven.surefire.testng.TestNGXmlTestSuite.execute(TestNGXmlTestSuite.java:75)
	at org.apache.maven.surefire.testng.TestNGProvider.invoke(TestNGProvider.java:120)
	at org.apache.maven.surefire.booter.ForkedBooter.invokeProviderInSameClassLoader(ForkedBooter.java:386)
	at org.apache.maven.surefire.booter.ForkedBooter.runSuitesInProcess(ForkedBooter.java:323)
	at org.apache.maven.surefire.booter.ForkedBooter.main(ForkedBooter.java:143)
]]>
            </full-stacktrace>
          </exception> <!-- java.io.FileNotFoundException -->
          <reporter-output>
          </reporter-output>
        </test-method> <!-- initialize -->
        <test-method status="SKIP" signature="HomePageNavigation(java.lang.String, java.lang.String, java.lang.String)[pri:0, instance:QAClick.LoginTest@162f559]" name="HomePageNavigation" duration-ms="0" started-at="2019-09-13T07:14:15Z" data-provider="getData" finished-at="2019-09-13T07:14:15Z">
          <params>
            <param index="0">
              <value>
                <![CDATA[yogmadhur@gmail.com]]>
              </value>
            </param>
            <param index="1">
              <value>
                <![CDATA[yogesh]]>
              </value>
            </param>
            <param index="2">
              <value>
                <![CDATA[Your mailid not registred with QA Click Academy..]]>
              </value>
            </param>
          </params>
          <reporter-output>
          </reporter-output>
        </test-method> <!-- HomePageNavigation -->
        <test-method status="SKIP" signature="HomePageNavigation(java.lang.String, java.lang.String, java.lang.String)[pri:0, instance:QAClick.LoginTest@162f559]" name="HomePageNavigation" duration-ms="0" started-at="2019-09-13T07:14:15Z" data-provider="getData" finished-at="2019-09-13T07:14:15Z">
          <params>
            <param index="0">
              <value>
                <![CDATA[yogeshthorat83@gmail.com]]>
              </value>
            </param>
            <param index="1">
              <value>
                <![CDATA[yogesh]]>
              </value>
            </param>
            <param index="2">
              <value>
                <![CDATA[Your mailid not registred with QA Click Academy..]]>
              </value>
            </param>
          </params>
          <reporter-output>
          </reporter-output>
        </test-method> <!-- HomePageNavigation -->
        <test-method status="SKIP" signature="teardown()[pri:0, instance:QAClick.LoginTest@162f559]" name="teardown" is-config="true" duration-ms="0" started-at="2019-09-13T07:14:15Z" finished-at="2019-09-13T07:14:15Z">
          <reporter-output>
          </reporter-output>
        </test-method> <!-- teardown -->
      </class> <!-- QAClick.LoginTest -->
    </test> <!-- Login Test -->
  </suite> <!-- Suite -->
</testng-results>
